2021-03-15 15:44:38.772 [main] INFO  Calculator.Calc - Calculate power of 0.0 and 0.0
2021-03-15 15:44:38.776 [main] INFO  Calculator.Calc - Result of power operations is : NaN
2021-03-15 15:53:40.177 [main] INFO  Calculator.Calc - Calculate Natural log of 4.0
2021-03-15 15:53:40.179 [main] INFO  Calculator.Calc - Result of naturalLog operation is : 1.3862943611198906
2021-03-15 15:53:40.179 [main] INFO  Calculator.Calc - Calculate Natural log of 8.0
2021-03-15 15:53:40.179 [main] INFO  Calculator.Calc - Result of naturalLog operation is : 2.0794415416798357
2021-03-15 15:53:40.179 [main] INFO  Calculator.Calc - Calculate Natural log of 0.0
2021-03-15 15:53:40.179 [main] ERROR Calculator.Calc - Number cannot be negative Case of NaN log of <= 0
2021-03-15 15:53:40.179 [main] INFO  Calculator.Calc - Result of naturalLog operation is : NaN
2021-03-15 15:53:40.180 [main] INFO  Calculator.Calc - Calculate Square root  of number 124.56
2021-03-15 15:53:40.180 [main] INFO  Calculator.Calc - Result of squareRoot operation is : 11.160645142642965
2021-03-15 15:53:40.181 [main] INFO  Calculator.Calc - Calculate Square root  of number -1.0
2021-03-15 15:53:40.181 [main] ERROR Calculator.Calc - Number cannot be negative Case of NaN squareRoot of < 0
2021-03-15 15:53:40.181 [main] INFO  Calculator.Calc - Result of squareRoot operation is : NaN
2021-03-15 15:53:40.181 [main] INFO  Calculator.Calc - Calculate Square root  of number 25.0
2021-03-15 15:53:40.182 [main] INFO  Calculator.Calc - Result of squareRoot operation is : 5.0
2021-03-15 15:53:40.182 [main] INFO  Calculator.Calc - Calculate Square root  of number 625.0
2021-03-15 15:53:40.182 [main] INFO  Calculator.Calc - Result of squareRoot operation is : 25.0
2021-03-15 15:53:40.182 [main] INFO  Calculator.Calc - Calculate Square root  of number 124.56
2021-03-15 15:53:40.182 [main] INFO  Calculator.Calc - Result of squareRoot operation is : 11.160645142642965
2021-03-15 15:53:40.182 [main] INFO  Calculator.Calc - Calculate Square root  of number -100.0
2021-03-15 15:53:40.183 [main] ERROR Calculator.Calc - Number cannot be negative Case of NaN squareRoot of < 0
2021-03-15 15:53:40.183 [main] INFO  Calculator.Calc - Result of squareRoot operation is : NaN
2021-03-15 15:53:40.183 [main] INFO  Calculator.Calc - Calculate power of 2.0 and 3.0
2021-03-15 15:53:40.183 [main] INFO  Calculator.Calc - Result of power operations is : 8.0
2021-03-15 15:53:40.184 [main] INFO  Calculator.Calc - Calculate power of 0.0 and 0.0
2021-03-15 15:53:40.184 [main] INFO  Calculator.Calc - Result of power operations is : NaN
2021-03-15 15:53:40.184 [main] INFO  Calculator.Calc - Calculate factorial of 10.0
2021-03-15 15:53:40.184 [main] INFO  Calculator.Calc - Result of factorial operation is: 3628800.0
2021-03-15 15:53:40.184 [main] INFO  Calculator.Calc - Calculate factorial of 5.0
2021-03-15 15:53:40.185 [main] INFO  Calculator.Calc - Result of factorial operation is: 120.0
2021-03-15 15:53:40.185 [main] INFO  Calculator.Calc - Calculate Natural log of 4.0
2021-03-15 15:53:40.185 [main] INFO  Calculator.Calc - Result of naturalLog operation is : 1.3862943611198906
2021-03-15 15:53:40.185 [main] INFO  Calculator.Calc - Calculate Natural log of 8.0
2021-03-15 15:53:40.186 [main] INFO  Calculator.Calc - Result of naturalLog operation is : 2.0794415416798357
2021-03-15 15:53:40.186 [main] INFO  Calculator.Calc - Calculate power of 2.0 and 10.0
2021-03-15 15:53:40.186 [main] INFO  Calculator.Calc - Result of power operations is : 1024.0
2021-03-15 15:53:40.186 [main] INFO  Calculator.Calc - Calculate power of 10.0 and 2.0
2021-03-15 15:53:40.186 [main] INFO  Calculator.Calc - Result of power operations is : 100.0
2021-03-15 15:53:40.186 [main] INFO  Calculator.Calc - Calculate power of 0.0 and 0.0
2021-03-15 15:53:40.187 [main] INFO  Calculator.Calc - Result of power operations is : NaN
2021-03-15 15:53:40.187 [main] INFO  Calculator.Calc - Calculate factorial of 10.0
2021-03-15 15:53:40.187 [main] INFO  Calculator.Calc - Result of factorial operation is: 3628800.0
2021-03-15 15:53:40.187 [main] INFO  Calculator.Calc - Calculate factorial of 5.0
2021-03-15 15:53:40.187 [main] INFO  Calculator.Calc - Result of factorial operation is: 120.0
